2023-10-04 23:59:20 - CHECK : 4210c40d9873a0513186634fdc674b0c || 
2023-10-04 23:59:20 - CHECK : theolaperrouse@gmail.com || 828613c27ef5df71ca74f41f2c82314c == 4210c40d9873a0513186634fdc674b0c || 
2023-10-04 23:59:20 - CHECK : contact@migratio.fr || 4210c40d9873a0513186634fdc674b0c == 4210c40d9873a0513186634fdc674b0c || 
2023-10-04 23:59:22 - SESSION : a:3:{s:6:"UserId";s:1:"2";s:4:"mail";s:19:"contact@migratio.fr";s:14:"Administrateur";b:0;} || 2
2023-10-04 23:59:22 - COOKIE : a:2:{s:9:"PHPSESSID";s:26:"2k2c448e000r86vvn72d2tg2jk";s:6:"TFTTId";s:32:"4210c40d9873a0513186634fdc674b0c";} || 2
2023-10-04 23:59:50 - SESSION : a:3:{s:6:"UserId";s:1:"2";s:4:"mail";s:19:"contact@migratio.fr";s:14:"Administrateur";b:0;} || 2
2023-10-04 23:59:50 - COOKIE : a:2:{s:9:"PHPSESSID";s:26:"2k2c448e000r86vvn72d2tg2jk";s:6:"TFTTId";s:32:"4210c40d9873a0513186634fdc674b0c";} || 2
2023-10-05 00:00:01 - SESSION : a:3:{s:6:"UserId";s:1:"2";s:4:"mail";s:19:"contact@migratio.fr";s:14:"Administrateur";b:0;} || 2
2023-10-05 00:00:01 - COOKIE : a:2:{s:9:"PHPSESSID";s:26:"2k2c448e000r86vvn72d2tg2jk";s:6:"TFTTId";s:32:"4210c40d9873a0513186634fdc674b0c";} || 2
2023-10-05 00:00:10 - SESSION : a:3:{s:6:"UserId";s:1:"2";s:4:"mail";s:19:"contact@migratio.fr";s:14:"Administrateur";b:0;} || 2
2023-10-05 00:00:10 - COOKIE : a:2:{s:9:"PHPSESSID";s:26:"2k2c448e000r86vvn72d2tg2jk";s:6:"TFTTId";s:32:"4210c40d9873a0513186634fdc674b0c";} || 2
2023-10-05 08:38:44 - SESSION : a:3:{s:6:"UserId";s:1:"2";s:4:"mail";s:19:"contact@migratio.fr";s:14:"Administrateur";b:0;} || 2
2023-10-05 08:38:44 - COOKIE : a:2:{s:9:"PHPSESSID";s:26:"2k2c448e000r86vvn72d2tg2jk";s:6:"TFTTId";s:32:"4210c40d9873a0513186634fdc674b0c";} || 2
2023-10-05 09:10:24 - CHECK : 4210c40d9873a0513186634fdc674b0c || 
2023-10-05 09:10:24 - CHECK : theolaperrouse@gmail.com || 828613c27ef5df71ca74f41f2c82314c == 4210c40d9873a0513186634fdc674b0c || 
2023-10-05 09:10:24 - CHECK : contact@migratio.fr || 4210c40d9873a0513186634fdc674b0c == 4210c40d9873a0513186634fdc674b0c || 
2023-10-05 09:10:26 - SESSION : a:3:{s:6:"UserId";s:1:"2";s:4:"mail";s:19:"contact@migratio.fr";s:14:"Administrateur";b:0;} || 2
2023-10-05 09:10:26 - COOKIE : a:2:{s:9:"PHPSESSID";s:26:"2k2c448e000r86vvn72d2tg2jk";s:6:"TFTTId";s:32:"4210c40d9873a0513186634fdc674b0c";} || 2
2023-10-05 09:16:22 - SESSION : a:3:{s:6:"UserId";s:1:"2";s:4:"mail";s:19:"contact@migratio.fr";s:14:"Administrateur";b:0;} || 2
2023-10-05 09:16:22 - COOKIE : a:2:{s:9:"PHPSESSID";s:26:"2k2c448e000r86vvn72d2tg2jk";s:6:"TFTTId";s:32:"4210c40d9873a0513186634fdc674b0c";} || 2
2023-10-05 09:34:33 - CHECK : 4210c40d9873a0513186634fdc674b0c || 
2023-10-05 09:34:33 - CHECK : theolaperrouse@gmail.com || 828613c27ef5df71ca74f41f2c82314c == 4210c40d9873a0513186634fdc674b0c || 
2023-10-05 09:34:33 - CHECK : contact@migratio.fr || 4210c40d9873a0513186634fdc674b0c == 4210c40d9873a0513186634fdc674b0c || 
2023-10-05 09:36:01 - CHECK : 4210c40d9873a0513186634fdc674b0c || 
2023-10-05 09:36:01 - CHECK : theolaperrouse@gmail.com || 828613c27ef5df71ca74f41f2c82314c == 4210c40d9873a0513186634fdc674b0c || 
2023-10-05 09:36:01 - CHECK : contact@migratio.fr || 4210c40d9873a0513186634fdc674b0c == 4210c40d9873a0513186634fdc674b0c || 
2023-10-05 09:37:27 - CHECK : 4210c40d9873a0513186634fdc674b0c || 
2023-10-05 09:37:27 - CHECK : theolaperrouse@gmail.com || 828613c27ef5df71ca74f41f2c82314c == 4210c40d9873a0513186634fdc674b0c || 
2023-10-05 09:37:27 - CHECK : contact@migratio.fr || 4210c40d9873a0513186634fdc674b0c == 4210c40d9873a0513186634fdc674b0c || 
2023-10-05 09:37:32 - CHECK : 4210c40d9873a0513186634fdc674b0c || 
2023-10-05 09:37:32 - CHECK : theolaperrouse@gmail.com || 828613c27ef5df71ca74f41f2c82314c == 4210c40d9873a0513186634fdc674b0c || 
2023-10-05 09:37:32 - CHECK : contact@migratio.fr || 4210c40d9873a0513186634fdc674b0c == 4210c40d9873a0513186634fdc674b0c || 
2023-10-05 10:01:26 - CHECK : 4210c40d9873a0513186634fdc674b0c || 
2023-10-05 10:01:26 - CHECK : theolaperrouse@gmail.com || 828613c27ef5df71ca74f41f2c82314c == 4210c40d9873a0513186634fdc674b0c || 
2023-10-05 10:01:26 - CHECK : contact@migratio.fr || 4210c40d9873a0513186634fdc674b0c == 4210c40d9873a0513186634fdc674b0c || 
2023-10-05 10:02:27 - CHECK : 4210c40d9873a0513186634fdc674b0c || 
2023-10-05 10:02:27 - CHECK : theolaperrouse@gmail.com || 828613c27ef5df71ca74f41f2c82314c == 4210c40d9873a0513186634fdc674b0c || 
2023-10-05 10:02:27 - CHECK : contact@migratio.fr || 4210c40d9873a0513186634fdc674b0c == 4210c40d9873a0513186634fdc674b0c || 
2023-10-05 10:05:20 - CHECK : 4210c40d9873a0513186634fdc674b0c || 
2023-10-05 10:05:20 - CHECK : theolaperrouse@gmail.com || 828613c27ef5df71ca74f41f2c82314c == 4210c40d9873a0513186634fdc674b0c || 
2023-10-05 10:05:20 - CHECK : contact@migratio.fr || 4210c40d9873a0513186634fdc674b0c == 4210c40d9873a0513186634fdc674b0c || 
2023-10-05 10:05:35 - CHECK : 4210c40d9873a0513186634fdc674b0c || 
2023-10-05 10:05:35 - CHECK : theolaperrouse@gmail.com || 828613c27ef5df71ca74f41f2c82314c == 4210c40d9873a0513186634fdc674b0c || 
2023-10-05 10:05:35 - CHECK : contact@migratio.fr || 4210c40d9873a0513186634fdc674b0c == 4210c40d9873a0513186634fdc674b0c || 
2023-10-05 10:07:44 - CHECK : 4210c40d9873a0513186634fdc674b0c || 
2023-10-05 10:07:44 - CHECK : theolaperrouse@gmail.com || 828613c27ef5df71ca74f41f2c82314c == 4210c40d9873a0513186634fdc674b0c || 
2023-10-05 10:07:44 - CHECK : contact@migratio.fr || 4210c40d9873a0513186634fdc674b0c == 4210c40d9873a0513186634fdc674b0c || 
2023-10-05 10:10:17 - CHECK : 4210c40d9873a0513186634fdc674b0c || 
2023-10-05 10:10:17 - CHECK : theolaperrouse@gmail.com || 828613c27ef5df71ca74f41f2c82314c == 4210c40d9873a0513186634fdc674b0c || 
2023-10-05 10:10:17 - CHECK : contact@migratio.fr || 4210c40d9873a0513186634fdc674b0c == 4210c40d9873a0513186634fdc674b0c || 
2023-10-05 10:13:16 - CHECK : 4210c40d9873a0513186634fdc674b0c || 
2023-10-05 10:13:16 - CHECK : theolaperrouse@gmail.com || 828613c27ef5df71ca74f41f2c82314c == 4210c40d9873a0513186634fdc674b0c || 
2023-10-05 10:13:16 - CHECK : contact@migratio.fr || 4210c40d9873a0513186634fdc674b0c == 4210c40d9873a0513186634fdc674b0c || 
2023-10-05 10:14:07 - CHECK : 4210c40d9873a0513186634fdc674b0c || 
2023-10-05 10:14:07 - CHECK : theolaperrouse@gmail.com || 828613c27ef5df71ca74f41f2c82314c == 4210c40d9873a0513186634fdc674b0c || 
2023-10-05 10:14:07 - CHECK : contact@migratio.fr || 4210c40d9873a0513186634fdc674b0c == 4210c40d9873a0513186634fdc674b0c || 
2023-10-05 10:14:29 - CHECK : 4210c40d9873a0513186634fdc674b0c || 
2023-10-05 10:14:29 - CHECK : theolaperrouse@gmail.com || 828613c27ef5df71ca74f41f2c82314c == 4210c40d9873a0513186634fdc674b0c || 
2023-10-05 10:14:29 - CHECK : contact@migratio.fr || 4210c40d9873a0513186634fdc674b0c == 4210c40d9873a0513186634fdc674b0c || 
2023-10-05 10:15:23 - CHECK : 4210c40d9873a0513186634fdc674b0c || 
2023-10-05 10:15:23 - CHECK : theolaperrouse@gmail.com || 828613c27ef5df71ca74f41f2c82314c == 4210c40d9873a0513186634fdc674b0c || 
2023-10-05 10:15:23 - CHECK : contact@migratio.fr || 4210c40d9873a0513186634fdc674b0c == 4210c40d9873a0513186634fdc674b0c || 
2023-10-05 10:15:27 - CHECK : 4210c40d9873a0513186634fdc674b0c || 
2023-10-05 10:15:27 - CHECK : theolaperrouse@gmail.com || 828613c27ef5df71ca74f41f2c82314c == 4210c40d9873a0513186634fdc674b0c || 
2023-10-05 10:15:27 - CHECK : contact@migratio.fr || 4210c40d9873a0513186634fdc674b0c == 4210c40d9873a0513186634fdc674b0c || 
2023-10-05 21:28:23 - CHECK : 4210c40d9873a0513186634fdc674b0c || 
2023-10-05 21:28:23 - CHECK : theolaperrouse@gmail.com || 828613c27ef5df71ca74f41f2c82314c == 4210c40d9873a0513186634fdc674b0c || 
2023-10-05 21:28:23 - CHECK : contact@migratio.fr || 4210c40d9873a0513186634fdc674b0c == 4210c40d9873a0513186634fdc674b0c || 
2023-10-05 21:28:23 - SESSION : a:3:{s:6:"UserId";s:1:"2";s:4:"mail";s:19:"contact@migratio.fr";s:14:"Administrateur";b:0;} || 2
2023-10-05 21:28:23 - COOKIE : a:2:{s:9:"PHPSESSID";s:26:"2k2c448e000r86vvn72d2tg2jk";s:6:"TFTTId";s:32:"4210c40d9873a0513186634fdc674b0c";} || 2
